Change Component Description : Designator=C1 Old Description=47¶ÃF 6.3V Ceramic Capacitor X5R 0805 (2012 Metric) 0.079" L x 0.049" W (2.00mm x 1.25mm) New Description=47¶ÃF 6.3V Ceramic Capacitor X5R 0805 (2012 Metric) 0.079" L x 0.049" W (2.00mm x 1.25mm)
Change component parameters: Designator = "C1"; Footprint = "C/R0805"; UniqueID = "\PGRHLXIH"
Change component parameters. Clean all parameters for all variants
Change component parameters (AddParameter): Name = "Applications"; Value = "General Purpose"; VariantName = "[No Variations]"
Change component parameters (AddParameter): Name = "Capacitance"; Value = "47¶ÃF"; VariantName = "[No Variations]"
Change component parameters (AddParameter): Name = "Categories"; Value = "Capacitors"; VariantName = "[No Variations]"
Change component parameters (AddParameter): Name = "ComponentLink1Description"; Value = "http://www.mouser.com/ds/2/281/c02e-2905.pdf?src-supplier=Mouser"; VariantName = "[No Variations]"
Change component parameters (AddParameter): Name = "ComponentLink1URL"; Value = "http://www.mouser.com/ds/2/281/c02e-2905.pdf?src-supplier=Mouser"; VariantName = "[No Variations]"
Change component parameters (AddParameter): Name = "ComponentLink2Description"; Value = "https://search.murata.co.jp/Ceramy/image/img/A01X/G101/ENG/GRM21BR60J476ME15-01.pdf?src-supplier=Digi-Key"; VariantName = "[No Variations]"
Change component parameters (AddParameter): Name = "ComponentLink2URL"; Value = "https://search.murata.co.jp/Ceramy/image/img/A01X/G101/ENG/GRM21BR60J476ME15-01.pdf?src-supplier=Digi-Key"; VariantName = "[No Variations]"
Change component parameters (AddParameter): Name = "Features"; Value = "-"; VariantName = "[No Variations]"
Change component parameters (AddParameter): Name = "Height - Seated (Max)"; Value = "-"; VariantName = "[No Variations]"
Change component parameters (AddParameter): Name = "Lead Spacing"; Value = "-"; VariantName = "[No Variations]"
Change component parameters (AddParameter): Name = "Lead Style"; Value = "-"; VariantName = "[No Variations]"
Change component parameters (AddParameter): Name = "Manufacturer"; Value = "Murata"; VariantName = "[No Variations]"
Change component parameters (AddParameter): Name = "Manufacturer Part Number"; Value = "GRM21BR60J476ME15K"; VariantName = "[No Variations]"
Change component parameters (AddParameter): Name = "Mounting Type"; Value = "Surface Mount, MLCC"; VariantName = "[No Variations]"
Change component parameters (AddParameter): Name = "Operating Temperature"; Value = "-55°„C ~ 85°„C"; VariantName = "[No Variations]"
Change component parameters (AddParameter): Name = "Package / Case"; Value = "0805 (2012 Metric)"; VariantName = "[No Variations]"
Change component parameters (AddParameter): Name = "Packaging"; Value = "Tape & Reel (TR)"; VariantName = "[No Variations]"
Change component parameters (AddParameter): Name = "Part Status"; Value = "Not For New Designs"; VariantName = "[No Variations]"
Change component parameters (AddParameter): Name = "Pricing 1"; Value = "1=0.48, 10=0.339, 100=0.2236, 500=0.1656, 1000=0.1408, 2500=0.1325, 5000=0.1242 (USD)"; VariantName = "[No Variations]"
Change component parameters (AddParameter): Name = "Ratings"; Value = "-"; VariantName = "[No Variations]"
Change component parameters (AddParameter): Name = "Series"; Value = "GRM"; VariantName = "[No Variations]"
Change component parameters (AddParameter): Name = "Size / Dimension"; Value = "0.079 L x 0.049 W (2.00mm x 1.25mm)"; VariantName = "[No Variations]"
Change component parameters (AddParameter): Name = "Stock 1"; Value = "16872"; VariantName = "[No Variations]"
Change component parameters (AddParameter): Name = "Supplier 1"; Value = "Digi-Key"; VariantName = "[No Variations]"
Change component parameters (AddParameter): Name = "Temperature Coefficient"; Value = "X5R"; VariantName = "[No Variations]"
Change component parameters (AddParameter): Name = "Thickness (Max)"; Value = "0.057 (1.45mm)"; VariantName = "[No Variations]"
Change component parameters (AddParameter): Name = "Tolerance"; Value = "°¿20%"; VariantName = "[No Variations]"
Change component parameters (AddParameter): Name = "Voltage - Rated"; Value = "6.3V"; VariantName = "[No Variations]"
Change component parameters: Designator = "C4"; Footprint = "CAPPM7343X310N"; UniqueID = "\LQPJNDEX"
Change component parameters. Clean all parameters for all variants
Change component parameters (AddParameter): Name = "Capacitance"; Value = "10¶ÃF"; VariantName = "[No Variations]"
Change component parameters (AddParameter): Name = "Capacitance Tolerance"; Value = "°¿ 20%"; VariantName = "[No Variations]"
Change component parameters (AddParameter): Name = "Capacitor Case Style"; Value = "2917 ^7343 Metric]"; VariantName = "[No Variations]"
Change component parameters (AddParameter): Name = "ComponentLink1Description"; Value = "https://www.verical.com/server-webapp/html/getDatasheet?partID=44813&src-supplier=Verical"; VariantName = "[No Variations]"
Change component parameters (AddParameter): Name = "ComponentLink1URL"; Value = "https://www.verical.com/server-webapp/html/getDatasheet?partID=44813&src-supplier=Verical"; VariantName = "[No Variations]"
Change component parameters (AddParameter): Name = "ComponentLink2Description"; Value = "http://www.farnell.com/datasheets/1761160.pdf?src-supplier=Element14"; VariantName = "[No Variations]"
Change component parameters (AddParameter): Name = "ComponentLink2URL"; Value = "http://www.farnell.com/datasheets/1761160.pdf?src-supplier=Element14"; VariantName = "[No Variations]"
Change component parameters (AddParameter): Name = "ComponentLink3Description"; Value = "http://www.farnell.com/datasheets/1744560.pdf?src-supplier=Element14"; VariantName = "[No Variations]"
Change component parameters (AddParameter): Name = "ComponentLink3URL"; Value = "http://www.farnell.com/datasheets/1744560.pdf?src-supplier=Element14"; VariantName = "[No Variations]"
Change component parameters (AddParameter): Name = "ESR"; Value = "0.125ohm"; VariantName = "[No Variations]"
Change component parameters (AddParameter): Name = "Manufacturer"; Value = "KEMET"; VariantName = "[No Variations]"
Change component parameters (AddParameter): Name = "Manufacturer Part Number"; Value = "T495D106M035ATE125"; VariantName = "[No Variations]"
Change component parameters (AddParameter): Name = "Operating Temperature Max"; Value = "125°„C"; VariantName = "[No Variations]"
Change component parameters (AddParameter): Name = "Operating Temperature Min"; Value = "-55°„C"; VariantName = "[No Variations]"
Change component parameters (AddParameter): Name = "Packaging"; Value = "Full Reel"; VariantName = "[No Variations]"
Change component parameters (AddParameter): Name = "Pricing 1"; Value = "1=1.79, 10=1.449, 100=1.1066 (USD)"; VariantName = "[No Variations]"
Change component parameters (AddParameter): Name = "Product Range"; Value = "KEMET - T495 Series"; VariantName = "[No Variations]"
Change component parameters (AddParameter): Name = "Stock 1"; Value = "5675"; VariantName = "[No Variations]"
Change component parameters (AddParameter): Name = "Supplier 1"; Value = "Digi-Key"; VariantName = "[No Variations]"
Change component parameters (AddParameter): Name = "Voltage Rating"; Value = "35V"; VariantName = "[No Variations]"
Change component parameters: Designator = "C5"; Footprint = "CAPPM7343X310N"; UniqueID = "\SSSRKWKB"
Change component parameters. Clean all parameters for all variants
Change component parameters (AddParameter): Name = "Capacitance"; Value = "10¶ÃF"; VariantName = "[No Variations]"
Change component parameters (AddParameter): Name = "Capacitance Tolerance"; Value = "°¿ 20%"; VariantName = "[No Variations]"
Change component parameters (AddParameter): Name = "Capacitor Case Style"; Value = "2917 ^7343 Metric]"; VariantName = "[No Variations]"
Change component parameters (AddParameter): Name = "ComponentLink1Description"; Value = "https://www.verical.com/server-webapp/html/getDatasheet?partID=44813&src-supplier=Verical"; VariantName = "[No Variations]"
Change component parameters (AddParameter): Name = "ComponentLink1URL"; Value = "https://www.verical.com/server-webapp/html/getDatasheet?partID=44813&src-supplier=Verical"; VariantName = "[No Variations]"
Change component parameters (AddParameter): Name = "ComponentLink2Description"; Value = "http://www.farnell.com/datasheets/1761160.pdf?src-supplier=Element14"; VariantName = "[No Variations]"
Change component parameters (AddParameter): Name = "ComponentLink2URL"; Value = "http://www.farnell.com/datasheets/1761160.pdf?src-supplier=Element14"; VariantName = "[No Variations]"
Change component parameters (AddParameter): Name = "ComponentLink3Description"; Value = "http://www.farnell.com/datasheets/1744560.pdf?src-supplier=Element14"; VariantName = "[No Variations]"
Change component parameters (AddParameter): Name = "ComponentLink3URL"; Value = "http://www.farnell.com/datasheets/1744560.pdf?src-supplier=Element14"; VariantName = "[No Variations]"
Change component parameters (AddParameter): Name = "ESR"; Value = "0.125ohm"; VariantName = "[No Variations]"
Change component parameters (AddParameter): Name = "Manufacturer"; Value = "KEMET"; VariantName = "[No Variations]"
Change component parameters (AddParameter): Name = "Manufacturer Part Number"; Value = "T495D106M035ATE125"; VariantName = "[No Variations]"
Change component parameters (AddParameter): Name = "Operating Temperature Max"; Value = "125°„C"; VariantName = "[No Variations]"
Change component parameters (AddParameter): Name = "Operating Temperature Min"; Value = "-55°„C"; VariantName = "[No Variations]"
Change component parameters (AddParameter): Name = "Packaging"; Value = "Full Reel"; VariantName = "[No Variations]"
Change component parameters (AddParameter): Name = "Pricing 1"; Value = "1=1.79, 10=1.449, 100=1.1066 (USD)"; VariantName = "[No Variations]"
Change component parameters (AddParameter): Name = "Product Range"; Value = "KEMET - T495 Series"; VariantName = "[No Variations]"
Change component parameters (AddParameter): Name = "Stock 1"; Value = "5675"; VariantName = "[No Variations]"
Change component parameters (AddParameter): Name = "Supplier 1"; Value = "Digi-Key"; VariantName = "[No Variations]"
Change component parameters (AddParameter): Name = "Voltage Rating"; Value = "35V"; VariantName = "[No Variations]"
Change component parameters: Designator = "C6"; Footprint = "CAPPM7343X310N"; UniqueID = "\WHCJWDXB"
Change component parameters. Clean all parameters for all variants
Change component parameters (AddParameter): Name = "Capacitance"; Value = "10¶ÃF"; VariantName = "[No Variations]"
Change component parameters (AddParameter): Name = "Capacitance Tolerance"; Value = "°¿ 20%"; VariantName = "[No Variations]"
Change component parameters (AddParameter): Name = "Capacitor Case Style"; Value = "2917 ^7343 Metric]"; VariantName = "[No Variations]"
Change component parameters (AddParameter): Name = "ComponentLink1Description"; Value = "https://www.verical.com/server-webapp/html/getDatasheet?partID=44813&src-supplier=Verical"; VariantName = "[No Variations]"
Change component parameters (AddParameter): Name = "ComponentLink1URL"; Value = "https://www.verical.com/server-webapp/html/getDatasheet?partID=44813&src-supplier=Verical"; VariantName = "[No Variations]"
Change component parameters (AddParameter): Name = "ComponentLink2Description"; Value = "http://www.farnell.com/datasheets/1761160.pdf?src-supplier=Element14"; VariantName = "[No Variations]"
Change component parameters (AddParameter): Name = "ComponentLink2URL"; Value = "http://www.farnell.com/datasheets/1761160.pdf?src-supplier=Element14"; VariantName = "[No Variations]"
Change component parameters (AddParameter): Name = "ComponentLink3Description"; Value = "http://www.farnell.com/datasheets/1744560.pdf?src-supplier=Element14"; VariantName = "[No Variations]"
Change component parameters (AddParameter): Name = "ComponentLink3URL"; Value = "http://www.farnell.com/datasheets/1744560.pdf?src-supplier=Element14"; VariantName = "[No Variations]"
Change component parameters (AddParameter): Name = "ESR"; Value = "0.125ohm"; VariantName = "[No Variations]"
Change component parameters (AddParameter): Name = "Manufacturer"; Value = "KEMET"; VariantName = "[No Variations]"
Change component parameters (AddParameter): Name = "Manufacturer Part Number"; Value = "T495D106M035ATE125"; VariantName = "[No Variations]"
Change component parameters (AddParameter): Name = "Operating Temperature Max"; Value = "125°„C"; VariantName = "[No Variations]"
Change component parameters (AddParameter): Name = "Operating Temperature Min"; Value = "-55°„C"; VariantName = "[No Variations]"
Change component parameters (AddParameter): Name = "Packaging"; Value = "Full Reel"; VariantName = "[No Variations]"
Change component parameters (AddParameter): Name = "Pricing 1"; Value = "1=1.79, 10=1.449, 100=1.1066 (USD)"; VariantName = "[No Variations]"
Change component parameters (AddParameter): Name = "Product Range"; Value = "KEMET - T495 Series"; VariantName = "[No Variations]"
Change component parameters (AddParameter): Name = "Stock 1"; Value = "5675"; VariantName = "[No Variations]"
Change component parameters (AddParameter): Name = "Supplier 1"; Value = "Digi-Key"; VariantName = "[No Variations]"
Change component parameters (AddParameter): Name = "Voltage Rating"; Value = "35V"; VariantName = "[No Variations]"
Added Pin To Net: NetName=GND Pin=C1-1
Added Pin To Net: NetName=GND Pin=C2-1
Added Pin To Net: NetName=GND Pin=C3-1
Added Pin To Net: NetName=GND Pin=C4-1
Added Pin To Net: NetName=GND Pin=C5-1
Added Pin To Net: NetName=GND Pin=C6-1
Added Pin To Net: NetName=GND Pin=R2-1
Added Pin To Net: NetName=GND Pin=R3-1
Added Pin To Net: NetName=GND Pin=R4-1
Added Pin To Net: NetName=GND Pin=U1-3
Added Pin To Net: NetName=GND Pin=U1-9
Added Pin To Net: NetName=GND Pin=U1-13
Added Pin To Net: NetName=GND Pin=U1-20
Added Pin To Net: NetName=GND Pin=U1-21
Added Net: Name=GND
Added Pin To Net: NetName=NetR1_1 Pin=R1-1
Added Pin To Net: NetName=NetR1_1 Pin=R4-2
Added Pin To Net: NetName=NetR1_1 Pin=U1-2
Added Net: Name=NetR1_1
Added Pin To Net: NetName=NetR2_2 Pin=R2-2
Added Pin To Net: NetName=NetR2_2 Pin=U1-24
Added Net: Name=NetR2_2
Added Pin To Net: NetName=NetR3_2 Pin=R3-2
Added Pin To Net: NetName=NetR3_2 Pin=U1-5
Added Net: Name=NetR3_2
Added Pin To Net: NetName=NetU1_16 Pin=U1-16
Added Pin To Net: NetName=NetU1_16 Pin=U1-17
Added Net: Name=NetU1_16
Added Pin To Net: NetName=Vin Pin=C2-2
Added Pin To Net: NetName=Vin Pin=C3-2
Added Pin To Net: NetName=Vin Pin=U1-11
Added Net: Name=Vin
Added Pin To Net: NetName=Vout Pin=C1-2
Added Pin To Net: NetName=Vout Pin=C4-2
Added Pin To Net: NetName=Vout Pin=C5-2
Added Pin To Net: NetName=Vout Pin=C6-2
Added Pin To Net: NetName=Vout Pin=R1-2
Added Pin To Net: NetName=Vout Pin=U1-1
Added Pin To Net: NetName=Vout Pin=U1-8
Added Net: Name=Vout
Added Room: Name=TPSM84824MOL
